0000012
0000001
0000007
0000001
0000018
ebook
ebook
aesol
0000018
ana
maria
magalhaes,
isabel
0000008
0000008
0000008
0000008
0000018
0000008
0000008
0000018
0000018
maria
alberta
meneresil.
ru
medeiros,
walter
sousa,
meneres,
maria
alberta,
193
tertulia
ocidental
tertúlia
ocidental
aelua
aelua
abreu,
maria
carmo
allison,
maria
teresa,
1949
alcada,
isabel,
pseud.
alcada,
isabel,
pseud.
allison,
maria
teresa,
1949
allison,
maria
teresa,
1949
alcada,
isabel,
pseud.
dolley,
christopher
w
f.
scott
fitzgerald
alcada,
isabel,
pseud.
asa
allison,
maria
teresa,
1949
alcada,
isabel,
pseud.
alcada,
isabel,
pseud.
bmest
aelua
aelua
0000008
0000008
0000008
0000008
0000008
0000008
0000008
0000008
0000008
0000008
0000008
0000008
0000008
0000008
0000008
0000008
0000008
0000008
0000008
0000008
0000008
0000008
0000008
0000008
0000008
aesol
bmest
aelua
aesol
aelua
eblua1
biologia
isbn
9789727573547
isbn
9789727573547
576
aelua
bmest
eblua3
aelua
ebsol2
bmest
aelua
0000018
aesol
eblua4
